MIF/HEX Update report for swankmania_HDL
Thu Oct 25 17:46:54 2007
Quartus II Version 7.2 Build 151 09/26/2007 SJ Web Edition


---------------------
; Table of Contents ;
---------------------
  1. Legal Notice
  2. MIF/HEX Update Summary
  3. MIF/HEX Update Processed Files
  4. MIF/HEX Update Messages



----------------
; Legal Notice ;
----------------
Copyright (C) 1991-2007 Altera Corporation
Your use of Altera Corporation's design tools, logic functions 
and other software and tools, and its AMPP partner logic 
functions, and any output files from any of the foregoing 
(including device programming or simulation files), and any 
associated documentation or information are expressly subject 
to the terms and conditions of the Altera Program License 
Subscription Agreement, Altera MegaCore Function License 
Agreement, or other applicable license agreement, including, 
without limitation, that your use is for the sole purpose of 
programming logic devices manufactured by Altera and sold by 
Altera or its authorized distributors.  Please refer to the 
applicable agreement for further details.



+---------------------------------------------------------------+
; MIF/HEX Update Summary                                        ;
+-----------------------+---------------------------------------+
; MIF/HEX Update Status ; Successful - Thu Oct 25 17:46:54 2007 ;
; Revision Name         ; swankmania_HDL                        ;
; Top-level Entity Name ; swankmania_HDL                        ;
; Family                ; Cyclone II                            ;
; Device                ; EP2C35F672C6                          ;
+-----------------------+---------------------------------------+


+-----------------------------------------------+
; MIF/HEX Update Processed Files                ;
+-----------------------------------------------+
; File Name                                     ;
+-----------------------------------------------+
; c:/user/swankmania/swankmania_HDL/borders.hex ;
+-----------------------------------------------+


+-------------------------+
; MIF/HEX Update Messages ;
+-------------------------+
Info: *******************************************************************
Info: Running Quartus II MIF/HEX Update
    Info: Version 7.2 Build 151 09/26/2007 SJ Web Edition
    Info: Processing started: Thu Oct 25 17:46:52 2007
Info: Command: quartus_cdb swankmania_HDL -c swankmania_HDL --update_mif
Info: Processed the following Memory Initialization File(s)
    Info: Processed Memory Initialization File c:/user/swankmania/swankmania_HDL/borders.hex
Info: Quartus II MIF/HEX Update was successful. 0 errors, 0 warnings
    Info: Allocated 140 megabytes of memory during processing
    Info: Processing ended: Thu Oct 25 17:46:54 2007
    Info: Elapsed time: 00:00:02


